<?xml version="1.0" encoding="UTF-8"?>
<!-- Generated by org.testng.reporters.JUnitXMLReporter -->
<testsuite hostname="DESKTOP-SJT61BP" ignored="0" name="Command line test" tests="11" failures="0" timestamp="08 Feb 2020 16:19:41 GMT" time="163.778" errors="0">
  <testcase name="contactsPageTitleTest" time="0.054" classname="com.digiCRMTest.autoqa.testcases.ContactsPageTest"/>
  <testcase name="LoginButtonTest" time="1.956" classname="com.digiCRMTest.autoqa.testcases.HomePageTest"/>
  <testcase name="homePageTitleTest" time="0.004" classname="com.digiCRMTest.autoqa.testcases.HomePageTest"/>
  <testcase name="loginPageTitleTest" time="0.007" classname="com.digiCRMTest.autoqa.testcases.LoginPageTest"/>
  <testcase name="LoginTest" time="0.198" classname="com.digiCRMTest.autoqa.testcases.LoginPageTest"/>
  <testcase name="resetPasswordTest" time="1.011" classname="com.digiCRMTest.autoqa.testcases.PasswordResetPageTest"/>
  <testcase name="userLandingPageTitleTest" time="0.004" classname="com.digiCRMTest.autoqa.testcases.UserLandingPageTest"/>
  <testcase name="ContactsLinkTest" time="0.615" classname="com.digiCRMTest.autoqa.testcases.UserLandingPageTest"/>
  <testcase name="dealLinkTest" time="0.668" classname="com.digiCRMTest.autoqa.testcases.UserLandingPageTest"/>
  <testcase name="userNameTest" time="0.593" classname="com.digiCRMTest.autoqa.testcases.UserLandingPageTest"/>
  <testcase name="PasswordResetLinkTest" time="0.456" classname="com.digiCRMTest.autoqa.testcases.LoginPageTest"/>
</testsuite> <!-- Command line test -->
